have_header: checking for sys/times.h... -------------------- yes

"clang -o conftest -I/Users/cderose/.rvm/rubies/ruby-1.9.3-p125/include/ruby-1.9.1/x86_64-darwin11.3.0 -I/Users/cderose/.rvm/rubies/ruby-1.9.3-p125/include/ruby-1.9.1/ruby/backward -I/Users/cderose/.rvm/rubies/ruby-1.9.3-p125/include/ruby-1.9.1 -I. -I/Users/cderose/.rvm/usr/include -D_XOPEN_SOURCE -D_DARWIN_C_SOURCE    -O3 -ggdb -Wextra -Wno-unused-parameter -Wno-parentheses -Wno-long-long -Wno-missing-field-initializers -Wpointer-arith -Wwrite-strings -Wdeclaration-after-statement -Wshorten-64-to-32 -Wimplicit-function-declaration  -fno-common -pipe conftest.c  -L. -L/Users/cderose/.rvm/rubies/ruby-1.9.3-p125/lib -L/Users/cderose/.rvm/usr/lib -L.      -lruby.1.9.1  -lpthread -ldl -lobjc "
checked program was:
/* begin */
1: #include "ruby.h"
2: 
3: int main() {return 0;}
/* end */

"clang -E -I/Users/cderose/.rvm/rubies/ruby-1.9.3-p125/include/ruby-1.9.1/x86_64-darwin11.3.0 -I/Users/cderose/.rvm/rubies/ruby-1.9.3-p125/include/ruby-1.9.1/ruby/backward -I/Users/cderose/.rvm/rubies/ruby-1.9.3-p125/include/ruby-1.9.1 -I. -I/Users/cderose/.rvm/usr/include -D_XOPEN_SOURCE -D_DARWIN_C_SOURCE    -O3 -ggdb -Wextra -Wno-unused-parameter -Wno-parentheses -Wno-long-long -Wno-missing-field-initializers -Wpointer-arith -Wwrite-strings -Wdeclaration-after-statement -Wshorten-64-to-32 -Wimplicit-function-declaration  -fno-common -pipe  conftest.c -o conftest.i"
checked program was:
/* begin */
1: #include "ruby.h"
2: 
3: #include <sys/times.h>
/* end */

--------------------

have_func: checking for rb_os_allocated_objects()... -------------------- no

"clang -o conftest -I/Users/cderose/.rvm/rubies/ruby-1.9.3-p125/include/ruby-1.9.1/x86_64-darwin11.3.0 -I/Users/cderose/.rvm/rubies/ruby-1.9.3-p125/include/ruby-1.9.1/ruby/backward -I/Users/cderose/.rvm/rubies/ruby-1.9.3-p125/include/ruby-1.9.1 -I. -I/Users/cderose/.rvm/usr/include -D_XOPEN_SOURCE -D_DARWIN_C_SOURCE    -O3 -ggdb -Wextra -Wno-unused-parameter -Wno-parentheses -Wno-long-long -Wno-missing-field-initializers -Wpointer-arith -Wwrite-strings -Wdeclaration-after-statement -Wshorten-64-to-32 -Wimplicit-function-declaration  -fno-common -pipe conftest.c  -L. -L/Users/cderose/.rvm/rubies/ruby-1.9.3-p125/lib -L/Users/cderose/.rvm/usr/lib -L.      -lruby.1.9.1  -lpthread -ldl -lobjc "
conftest.c:5:53: error: use of undeclared identifier 'rb_os_allocated_objects'
int t() { void ((*volatile p)()); p = (void ((*)()))rb_os_allocated_objects; return 0; }
                                                    ^
1 error generated.
checked program was:
/* begin */
1: #include "ruby.h"
2: 
3: /*top*/
4: int main() {return 0;}
5: int t() { void ((*volatile p)()); p = (void ((*)()))rb_os_allocated_objects; return 0; }
/* end */

"clang -o conftest -I/Users/cderose/.rvm/rubies/ruby-1.9.3-p125/include/ruby-1.9.1/x86_64-darwin11.3.0 -I/Users/cderose/.rvm/rubies/ruby-1.9.3-p125/include/ruby-1.9.1/ruby/backward -I/Users/cderose/.rvm/rubies/ruby-1.9.3-p125/include/ruby-1.9.1 -I. -I/Users/cderose/.rvm/usr/include -D_XOPEN_SOURCE -D_DARWIN_C_SOURCE    -O3 -ggdb -Wextra -Wno-unused-parameter -Wno-parentheses -Wno-long-long -Wno-missing-field-initializers -Wpointer-arith -Wwrite-strings -Wdeclaration-after-statement -Wshorten-64-to-32 -Wimplicit-function-declaration  -fno-common -pipe conftest.c  -L. -L/Users/cderose/.rvm/rubies/ruby-1.9.3-p125/lib -L/Users/cderose/.rvm/usr/lib -L.      -lruby.1.9.1  -lpthread -ldl -lobjc "
conftest.c:5:11: warning: implicit declaration of function 'rb_os_allocated_objects' is invalid in C99 [-Wimplicit-function-declaration]
int t() { rb_os_allocated_objects(); return 0; }
          ^
1 warning generated.
Undefined symbols for architecture x86_64:
  "_rb_os_allocated_objects", referenced from:
      _t in conftest-TsPQjF.o
ld: symbol(s) not found for architecture x86_64
clang: error: linker command failed with exit code 1 (use -v to see invocation)
checked program was:
/* begin */
1: #include "ruby.h"
2: 
3: /*top*/
4: int main() {return 0;}
5: int t() { rb_os_allocated_objects(); return 0; }
/* end */

--------------------

have_func: checking for rb_gc_allocated_size()... -------------------- no

"clang -o conftest -I/Users/cderose/.rvm/rubies/ruby-1.9.3-p125/include/ruby-1.9.1/x86_64-darwin11.3.0 -I/Users/cderose/.rvm/rubies/ruby-1.9.3-p125/include/ruby-1.9.1/ruby/backward -I/Users/cderose/.rvm/rubies/ruby-1.9.3-p125/include/ruby-1.9.1 -I. -I/Users/cderose/.rvm/usr/include -D_XOPEN_SOURCE -D_DARWIN_C_SOURCE    -O3 -ggdb -Wextra -Wno-unused-parameter -Wno-parentheses -Wno-long-long -Wno-missing-field-initializers -Wpointer-arith -Wwrite-strings -Wdeclaration-after-statement -Wshorten-64-to-32 -Wimplicit-function-declaration  -fno-common -pipe conftest.c  -L. -L/Users/cderose/.rvm/rubies/ruby-1.9.3-p125/lib -L/Users/cderose/.rvm/usr/lib -L.      -lruby.1.9.1  -lpthread -ldl -lobjc "
conftest.c:5:53: error: use of undeclared identifier 'rb_gc_allocated_size'
int t() { void ((*volatile p)()); p = (void ((*)()))rb_gc_allocated_size; return 0; }
                                                    ^
1 error generated.
checked program was:
/* begin */
1: #include "ruby.h"
2: 
3: /*top*/
4: int main() {return 0;}
5: int t() { void ((*volatile p)()); p = (void ((*)()))rb_gc_allocated_size; return 0; }
/* end */

"clang -o conftest -I/Users/cderose/.rvm/rubies/ruby-1.9.3-p125/include/ruby-1.9.1/x86_64-darwin11.3.0 -I/Users/cderose/.rvm/rubies/ruby-1.9.3-p125/include/ruby-1.9.1/ruby/backward -I/Users/cderose/.rvm/rubies/ruby-1.9.3-p125/include/ruby-1.9.1 -I. -I/Users/cderose/.rvm/usr/include -D_XOPEN_SOURCE -D_DARWIN_C_SOURCE    -O3 -ggdb -Wextra -Wno-unused-parameter -Wno-parentheses -Wno-long-long -Wno-missing-field-initializers -Wpointer-arith -Wwrite-strings -Wdeclaration-after-statement -Wshorten-64-to-32 -Wimplicit-function-declaration  -fno-common -pipe conftest.c  -L. -L/Users/cderose/.rvm/rubies/ruby-1.9.3-p125/lib -L/Users/cderose/.rvm/usr/lib -L.      -lruby.1.9.1  -lpthread -ldl -lobjc "
conftest.c:5:11: warning: implicit declaration of function 'rb_gc_allocated_size' is invalid in C99 [-Wimplicit-function-declaration]
int t() { rb_gc_allocated_size(); return 0; }
          ^
1 warning generated.
Undefined symbols for architecture x86_64:
  "_rb_gc_allocated_size", referenced from:
      _t in conftest-Ni26od.o
ld: symbol(s) not found for architecture x86_64
clang: error: linker command failed with exit code 1 (use -v to see invocation)
checked program was:
/* begin */
1: #include "ruby.h"
2: 
3: /*top*/
4: int main() {return 0;}
5: int t() { rb_gc_allocated_size(); return 0; }
/* end */

--------------------

have_func: checking for rb_gc_collections()... -------------------- no

"clang -o conftest -I/Users/cderose/.rvm/rubies/ruby-1.9.3-p125/include/ruby-1.9.1/x86_64-darwin11.3.0 -I/Users/cderose/.rvm/rubies/ruby-1.9.3-p125/include/ruby-1.9.1/ruby/backward -I/Users/cderose/.rvm/rubies/ruby-1.9.3-p125/include/ruby-1.9.1 -I. -I/Users/cderose/.rvm/usr/include -D_XOPEN_SOURCE -D_DARWIN_C_SOURCE    -O3 -ggdb -Wextra -Wno-unused-parameter -Wno-parentheses -Wno-long-long -Wno-missing-field-initializers -Wpointer-arith -Wwrite-strings -Wdeclaration-after-statement -Wshorten-64-to-32 -Wimplicit-function-declaration  -fno-common -pipe conftest.c  -L. -L/Users/cderose/.rvm/rubies/ruby-1.9.3-p125/lib -L/Users/cderose/.rvm/usr/lib -L.      -lruby.1.9.1  -lpthread -ldl -lobjc "
conftest.c:5:53: error: use of undeclared identifier 'rb_gc_collections'
int t() { void ((*volatile p)()); p = (void ((*)()))rb_gc_collections; return 0; }
                                                    ^
1 error generated.
checked program was:
/* begin */
1: #include "ruby.h"
2: 
3: /*top*/
4: int main() {return 0;}
5: int t() { void ((*volatile p)()); p = (void ((*)()))rb_gc_collections; return 0; }
/* end */

"clang -o conftest -I/Users/cderose/.rvm/rubies/ruby-1.9.3-p125/include/ruby-1.9.1/x86_64-darwin11.3.0 -I/Users/cderose/.rvm/rubies/ruby-1.9.3-p125/include/ruby-1.9.1/ruby/backward -I/Users/cderose/.rvm/rubies/ruby-1.9.3-p125/include/ruby-1.9.1 -I. -I/Users/cderose/.rvm/usr/include -D_XOPEN_SOURCE -D_DARWIN_C_SOURCE    -O3 -ggdb -Wextra -Wno-unused-parameter -Wno-parentheses -Wno-long-long -Wno-missing-field-initializers -Wpointer-arith -Wwrite-strings -Wdeclaration-after-statement -Wshorten-64-to-32 -Wimplicit-function-declaration  -fno-common -pipe conftest.c  -L. -L/Users/cderose/.rvm/rubies/ruby-1.9.3-p125/lib -L/Users/cderose/.rvm/usr/lib -L.      -lruby.1.9.1  -lpthread -ldl -lobjc "
conftest.c:5:11: warning: implicit declaration of function 'rb_gc_collections' is invalid in C99 [-Wimplicit-function-declaration]
int t() { rb_gc_collections(); return 0; }
          ^
1 warning generated.
Undefined symbols for architecture x86_64:
  "_rb_gc_collections", referenced from:
      _t in conftest-fe8eoD.o
ld: symbol(s) not found for architecture x86_64
clang: error: linker command failed with exit code 1 (use -v to see invocation)
checked program was:
/* begin */
1: #include "ruby.h"
2: 
3: /*top*/
4: int main() {return 0;}
5: int t() { rb_gc_collections(); return 0; }
/* end */

--------------------

have_func: checking for rb_gc_time()... -------------------- no

"clang -o conftest -I/Users/cderose/.rvm/rubies/ruby-1.9.3-p125/include/ruby-1.9.1/x86_64-darwin11.3.0 -I/Users/cderose/.rvm/rubies/ruby-1.9.3-p125/include/ruby-1.9.1/ruby/backward -I/Users/cderose/.rvm/rubies/ruby-1.9.3-p125/include/ruby-1.9.1 -I. -I/Users/cderose/.rvm/usr/include -D_XOPEN_SOURCE -D_DARWIN_C_SOURCE    -O3 -ggdb -Wextra -Wno-unused-parameter -Wno-parentheses -Wno-long-long -Wno-missing-field-initializers -Wpointer-arith -Wwrite-strings -Wdeclaration-after-statement -Wshorten-64-to-32 -Wimplicit-function-declaration  -fno-common -pipe conftest.c  -L. -L/Users/cderose/.rvm/rubies/ruby-1.9.3-p125/lib -L/Users/cderose/.rvm/usr/lib -L.      -lruby.1.9.1  -lpthread -ldl -lobjc "
conftest.c:5:53: error: use of undeclared identifier 'rb_gc_time'
int t() { void ((*volatile p)()); p = (void ((*)()))rb_gc_time; return 0; }
                                                    ^
1 error generated.
checked program was:
/* begin */
1: #include "ruby.h"
2: 
3: /*top*/
4: int main() {return 0;}
5: int t() { void ((*volatile p)()); p = (void ((*)()))rb_gc_time; return 0; }
/* end */

"clang -o conftest -I/Users/cderose/.rvm/rubies/ruby-1.9.3-p125/include/ruby-1.9.1/x86_64-darwin11.3.0 -I/Users/cderose/.rvm/rubies/ruby-1.9.3-p125/include/ruby-1.9.1/ruby/backward -I/Users/cderose/.rvm/rubies/ruby-1.9.3-p125/include/ruby-1.9.1 -I. -I/Users/cderose/.rvm/usr/include -D_XOPEN_SOURCE -D_DARWIN_C_SOURCE    -O3 -ggdb -Wextra -Wno-unused-parameter -Wno-parentheses -Wno-long-long -Wno-missing-field-initializers -Wpointer-arith -Wwrite-strings -Wdeclaration-after-statement -Wshorten-64-to-32 -Wimplicit-function-declaration  -fno-common -pipe conftest.c  -L. -L/Users/cderose/.rvm/rubies/ruby-1.9.3-p125/lib -L/Users/cderose/.rvm/usr/lib -L.      -lruby.1.9.1  -lpthread -ldl -lobjc "
conftest.c:5:11: warning: implicit declaration of function 'rb_gc_time' is invalid in C99 [-Wimplicit-function-declaration]
int t() { rb_gc_time(); return 0; }
          ^
1 warning generated.
Undefined symbols for architecture x86_64:
  "_rb_gc_time", referenced from:
      _t in conftest-mkmHLB.o
ld: symbol(s) not found for architecture x86_64
clang: error: linker command failed with exit code 1 (use -v to see invocation)
checked program was:
/* begin */
1: #include "ruby.h"
2: 
3: /*top*/
4: int main() {return 0;}
5: int t() { rb_gc_time(); return 0; }
/* end */

--------------------

have_func: checking for rb_class_superclass()... -------------------- yes

"clang -o conftest -I/Users/cderose/.rvm/rubies/ruby-1.9.3-p125/include/ruby-1.9.1/x86_64-darwin11.3.0 -I/Users/cderose/.rvm/rubies/ruby-1.9.3-p125/include/ruby-1.9.1/ruby/backward -I/Users/cderose/.rvm/rubies/ruby-1.9.3-p125/include/ruby-1.9.1 -I. -I/Users/cderose/.rvm/usr/include -D_XOPEN_SOURCE -D_DARWIN_C_SOURCE    -O3 -ggdb -Wextra -Wno-unused-parameter -Wno-parentheses -Wno-long-long -Wno-missing-field-initializers -Wpointer-arith -Wwrite-strings -Wdeclaration-after-statement -Wshorten-64-to-32 -Wimplicit-function-declaration  -fno-common -pipe conftest.c  -L. -L/Users/cderose/.rvm/rubies/ruby-1.9.3-p125/lib -L/Users/cderose/.rvm/usr/lib -L.      -lruby.1.9.1  -lpthread -ldl -lobjc "
checked program was:
/* begin */
1: #include "ruby.h"
2: 
3: /*top*/
4: int main() {return 0;}
5: int t() { void ((*volatile p)()); p = (void ((*)()))rb_class_superclass; return 0; }
/* end */

--------------------

have_func: checking for rb_heap_total_mem()... -------------------- no

"clang -o conftest -I/Users/cderose/.rvm/rubies/ruby-1.9.3-p125/include/ruby-1.9.1/x86_64-darwin11.3.0 -I/Users/cderose/.rvm/rubies/ruby-1.9.3-p125/include/ruby-1.9.1/ruby/backward -I/Users/cderose/.rvm/rubies/ruby-1.9.3-p125/include/ruby-1.9.1 -I. -I/Users/cderose/.rvm/usr/include -D_XOPEN_SOURCE -D_DARWIN_C_SOURCE    -O3 -ggdb -Wextra -Wno-unused-parameter -Wno-parentheses -Wno-long-long -Wno-missing-field-initializers -Wpointer-arith -Wwrite-strings -Wdeclaration-after-statement -Wshorten-64-to-32 -Wimplicit-function-declaration  -fno-common -pipe conftest.c  -L. -L/Users/cderose/.rvm/rubies/ruby-1.9.3-p125/lib -L/Users/cderose/.rvm/usr/lib -L.      -lruby.1.9.1  -lpthread -ldl -lobjc "
conftest.c:5:53: error: use of undeclared identifier 'rb_heap_total_mem'
int t() { void ((*volatile p)()); p = (void ((*)()))rb_heap_total_mem; return 0; }
                                                    ^
1 error generated.
checked program was:
/* begin */
1: #include "ruby.h"
2: 
3: /*top*/
4: int main() {return 0;}
5: int t() { void ((*volatile p)()); p = (void ((*)()))rb_heap_total_mem; return 0; }
/* end */

"clang -o conftest -I/Users/cderose/.rvm/rubies/ruby-1.9.3-p125/include/ruby-1.9.1/x86_64-darwin11.3.0 -I/Users/cderose/.rvm/rubies/ruby-1.9.3-p125/include/ruby-1.9.1/ruby/backward -I/Users/cderose/.rvm/rubies/ruby-1.9.3-p125/include/ruby-1.9.1 -I. -I/Users/cderose/.rvm/usr/include -D_XOPEN_SOURCE -D_DARWIN_C_SOURCE    -O3 -ggdb -Wextra -Wno-unused-parameter -Wno-parentheses -Wno-long-long -Wno-missing-field-initializers -Wpointer-arith -Wwrite-strings -Wdeclaration-after-statement -Wshorten-64-to-32 -Wimplicit-function-declaration  -fno-common -pipe conftest.c  -L. -L/Users/cderose/.rvm/rubies/ruby-1.9.3-p125/lib -L/Users/cderose/.rvm/usr/lib -L.      -lruby.1.9.1  -lpthread -ldl -lobjc "
conftest.c:5:11: warning: implicit declaration of function 'rb_heap_total_mem' is invalid in C99 [-Wimplicit-function-declaration]
int t() { rb_heap_total_mem(); return 0; }
          ^
1 warning generated.
Undefined symbols for architecture x86_64:
  "_rb_heap_total_mem", referenced from:
      _t in conftest-L7RhQG.o
ld: symbol(s) not found for architecture x86_64
clang: error: linker command failed with exit code 1 (use -v to see invocation)
checked program was:
/* begin */
1: #include "ruby.h"
2: 
3: /*top*/
4: int main() {return 0;}
5: int t() { rb_heap_total_mem(); return 0; }
/* end */

--------------------

have_func: checking for rb_gc_heap_info()... -------------------- no

"clang -o conftest -I/Users/cderose/.rvm/rubies/ruby-1.9.3-p125/include/ruby-1.9.1/x86_64-darwin11.3.0 -I/Users/cderose/.rvm/rubies/ruby-1.9.3-p125/include/ruby-1.9.1/ruby/backward -I/Users/cderose/.rvm/rubies/ruby-1.9.3-p125/include/ruby-1.9.1 -I. -I/Users/cderose/.rvm/usr/include -D_XOPEN_SOURCE -D_DARWIN_C_SOURCE    -O3 -ggdb -Wextra -Wno-unused-parameter -Wno-parentheses -Wno-long-long -Wno-missing-field-initializers -Wpointer-arith -Wwrite-strings -Wdeclaration-after-statement -Wshorten-64-to-32 -Wimplicit-function-declaration  -fno-common -pipe conftest.c  -L. -L/Users/cderose/.rvm/rubies/ruby-1.9.3-p125/lib -L/Users/cderose/.rvm/usr/lib -L.      -lruby.1.9.1  -lpthread -ldl -lobjc "
conftest.c:5:53: error: use of undeclared identifier 'rb_gc_heap_info'
int t() { void ((*volatile p)()); p = (void ((*)()))rb_gc_heap_info; return 0; }
                                                    ^
1 error generated.
checked program was:
/* begin */
1: #include "ruby.h"
2: 
3: /*top*/
4: int main() {return 0;}
5: int t() { void ((*volatile p)()); p = (void ((*)()))rb_gc_heap_info; return 0; }
/* end */

"clang -o conftest -I/Users/cderose/.rvm/rubies/ruby-1.9.3-p125/include/ruby-1.9.1/x86_64-darwin11.3.0 -I/Users/cderose/.rvm/rubies/ruby-1.9.3-p125/include/ruby-1.9.1/ruby/backward -I/Users/cderose/.rvm/rubies/ruby-1.9.3-p125/include/ruby-1.9.1 -I. -I/Users/cderose/.rvm/usr/include -D_XOPEN_SOURCE -D_DARWIN_C_SOURCE    -O3 -ggdb -Wextra -Wno-unused-parameter -Wno-parentheses -Wno-long-long -Wno-missing-field-initializers -Wpointer-arith -Wwrite-strings -Wdeclaration-after-statement -Wshorten-64-to-32 -Wimplicit-function-declaration  -fno-common -pipe conftest.c  -L. -L/Users/cderose/.rvm/rubies/ruby-1.9.3-p125/lib -L/Users/cderose/.rvm/usr/lib -L.      -lruby.1.9.1  -lpthread -ldl -lobjc "
conftest.c:5:11: warning: implicit declaration of function 'rb_gc_heap_info' is invalid in C99 [-Wimplicit-function-declaration]
int t() { rb_gc_heap_info(); return 0; }
          ^
1 warning generated.
Undefined symbols for architecture x86_64:
  "_rb_gc_heap_info", referenced from:
      _t in conftest-50QLjA.o
ld: symbol(s) not found for architecture x86_64
clang: error: linker command failed with exit code 1 (use -v to see invocation)
checked program was:
/* begin */
1: #include "ruby.h"
2: 
3: /*top*/
4: int main() {return 0;}
5: int t() { rb_gc_heap_info(); return 0; }
/* end */

--------------------

